[ 2018-01-11T11:03:17+08:00 ] ::1 /phpLearning/2018-01-03/thinkphp/index.php/Home/Index/myUpload
INFO: [ app_init ] --START--
INFO: Run Behavior\BuildLiteBehavior [ RunTime:0.000020s ]
INFO: [ app_init ] --END-- [ RunTime:0.000561s ]

[ 2018-01-11T11:08:30+08:00 ] ::1 /phpLearning/2018-01-03/thinkphp/index.php/Home/Index/myUpload
INFO: [ app_init ] --START--
INFO: Run Behavior\BuildLiteBehavior [ RunTime:0.000015s ]
INFO: [ app_init ] --END-- [ RunTime:0.000267s ]

[ 2018-01-11T11:24:43+08:00 ] ::1 /phpLearning/2018-01-03/thinkphp/index.php/Home/Index/myUpload
INFO: [ app_init ] --START--
INFO: Run Behavior\BuildLiteBehavior [ RunTime:0.000014s ]
INFO: [ app_init ] --END-- [ RunTime:0.000269s ]

[ 2018-01-11T11:24:55+08:00 ] ::1 /phpLearning/2018-01-03/thinkphp/index.php/Home/Index/myUpload
INFO: [ app_init ] --START--
INFO: Run Behavior\BuildLiteBehavior [ RunTime:0.000017s ]
INFO: [ app_init ] --END-- [ RunTime:0.000531s ]

[ 2018-01-11T11:24:56+08:00 ] ::1 /phpLearning/2018-01-03/thinkphp/index.php/Home/Index/upload
INFO: [ app_init ] --START--
INFO: Run Behavior\BuildLiteBehavior [ RunTime:0.000011s ]
INFO: [ app_init ] --END-- [ RunTime:0.000234s ]

[ 2018-01-11T11:37:29+08:00 ] ::1 /phpLearning/2018-01-03/thinkphp/index.php/Home/Index/upload
INFO: [ app_init ] --START--
INFO: Run Behavior\BuildLiteBehavior [ RunTime:0.000014s ]
INFO: [ app_init ] --END-- [ RunTime:0.000254s ]

[ 2018-01-11T11:38:10+08:00 ] ::1 /phpLearning/2018-01-03/thinkphp/index.php/Home/Index/myUpload
INFO: [ app_init ] --START--
INFO: Run Behavior\BuildLiteBehavior [ RunTime:0.000015s ]
INFO: [ app_init ] --END-- [ RunTime:0.000239s ]

[ 2018-01-11T11:38:16+08:00 ] ::1 /phpLearning/2018-01-03/thinkphp/index.php/Home/Index/upload
INFO: [ app_init ] --START--
INFO: Run Behavior\BuildLiteBehavior [ RunTime:0.000017s ]
INFO: [ app_init ] --END-- [ RunTime:0.000312s ]

[ 2018-01-11T11:39:29+08:00 ] ::1 /phpLearning/2018-01-03/thinkphp/index.php/Home/Index/myUpload
INFO: [ app_init ] --START--
INFO: Run Behavior\BuildLiteBehavior [ RunTime:0.000013s ]
INFO: [ app_init ] --END-- [ RunTime:0.000408s ]

[ 2018-01-11T11:39:34+08:00 ] ::1 /phpLearning/2018-01-03/thinkphp/index.php/Home/Index/upload
INFO: [ app_init ] --START--
INFO: Run Behavior\BuildLiteBehavior [ RunTime:0.000008s ]
INFO: [ app_init ] --END-- [ RunTime:0.000193s ]

[ 2018-01-11T11:39:58+08:00 ] ::1 /phpLearning/2018-01-03/thinkphp/index.php/Home/Index/upload
INFO: [ app_init ] --START--
INFO: Run Behavior\BuildLiteBehavior [ RunTime:0.000016s ]
INFO: [ app_init ] --END-- [ RunTime:0.000261s ]

[ 2018-01-11T11:40:01+08:00 ] ::1 /phpLearning/2018-01-03/thinkphp/index.php/Home/Index/myUpload
INFO: [ app_init ] --START--
INFO: Run Behavior\BuildLiteBehavior [ RunTime:0.000015s ]
INFO: [ app_init ] --END-- [ RunTime:0.000356s ]

[ 2018-01-11T11:40:08+08:00 ] ::1 /phpLearning/2018-01-03/thinkphp/index.php/Home/Index/upload
INFO: [ app_init ] --START--
INFO: Run Behavior\BuildLiteBehavior [ RunTime:0.000009s ]
INFO: [ app_init ] --END-- [ RunTime:0.000193s ]

[ 2018-01-11T11:40:14+08:00 ] ::1 /phpLearning/2018-01-03/thinkphp/index.php/Home/Index/myUpload
INFO: [ app_init ] --START--
INFO: Run Behavior\BuildLiteBehavior [ RunTime:0.000016s ]
INFO: [ app_init ] --END-- [ RunTime:0.000268s ]

[ 2018-01-11T11:43:20+08:00 ] ::1 /phpLearning/2018-01-03/thinkphp/index.php/Home/Index/myUpload
INFO: [ app_init ] --START--
INFO: Run Behavior\BuildLiteBehavior [ RunTime:0.000019s ]
INFO: [ app_init ] --END-- [ RunTime:0.000313s ]

[ 2018-01-11T11:43:31+08:00 ] ::1 /phpLearning/2018-01-03/thinkphp/index.php/Home/Index/myUpload
INFO: [ app_init ] --START--
INFO: Run Behavior\BuildLiteBehavior [ RunTime:0.000009s ]
INFO: [ app_init ] --END-- [ RunTime:0.000189s ]

[ 2018-01-11T11:43:37+08:00 ] ::1 /phpLearning/2018-01-03/thinkphp/index.php/Home/Index/upload
INFO: [ app_init ] --START--
INFO: Run Behavior\BuildLiteBehavior [ RunTime:0.000015s ]
INFO: [ app_init ] --END-- [ RunTime:0.000267s ]

[ 2018-01-11T11:44:25+08:00 ] ::1 /phpLearning/2018-01-03/thinkphp/index.php/Home/Index/myUpload
INFO: [ app_init ] --START--
INFO: Run Behavior\BuildLiteBehavior [ RunTime:0.000008s ]
INFO: [ app_init ] --END-- [ RunTime:0.000191s ]

[ 2018-01-11T11:44:31+08:00 ] ::1 /phpLearning/2018-01-03/thinkphp/index.php/Home/Index/upload
INFO: [ app_init ] --START--
INFO: Run Behavior\BuildLiteBehavior [ RunTime:0.000010s ]
INFO: [ app_init ] --END-- [ RunTime:0.000209s ]

[ 2018-01-11T11:44:50+08:00 ] ::1 /phpLearning/2018-01-03/thinkphp/index.php/Home/Index/myUpload
INFO: [ app_init ] --START--
INFO: Run Behavior\BuildLiteBehavior [ RunTime:0.000010s ]
INFO: [ app_init ] --END-- [ RunTime:0.000216s ]

[ 2018-01-11T11:44:55+08:00 ] ::1 /phpLearning/2018-01-03/thinkphp/index.php/Home/Index/upload
INFO: [ app_init ] --START--
INFO: Run Behavior\BuildLiteBehavior [ RunTime:0.000008s ]
INFO: [ app_init ] --END-- [ RunTime:0.000185s ]

[ 2018-01-11T11:46:07+08:00 ] ::1 /phpLearning/2018-01-03/thinkphp/index.php/Home/Index/myUpload
INFO: [ app_init ] --START--
INFO: Run Behavior\BuildLiteBehavior [ RunTime:0.000008s ]
INFO: [ app_init ] --END-- [ RunTime:0.000187s ]

[ 2018-01-11T11:48:10+08:00 ] ::1 /phpLearning/2018-01-03/thinkphp/index.php/Home/Index/myUpload
INFO: [ app_init ] --START--
INFO: Run Behavior\BuildLiteBehavior [ RunTime:0.000008s ]
INFO: [ app_init ] --END-- [ RunTime:0.000188s ]

[ 2018-01-11T11:48:15+08:00 ] ::1 /phpLearning/2018-01-03/thinkphp/index.php/Home/Index/upload
INFO: [ app_init ] --START--
INFO: Run Behavior\BuildLiteBehavior [ RunTime:0.000016s ]
INFO: [ app_init ] --END-- [ RunTime:0.000277s ]

[ 2018-01-11T11:48:36+08:00 ] ::1 /phpLearning/2018-01-03/thinkphp/index.php/Home/Index/myUpload
INFO: [ app_init ] --START--
INFO: Run Behavior\BuildLiteBehavior [ RunTime:0.000025s ]
INFO: [ app_init ] --END-- [ RunTime:0.000281s ]

[ 2018-01-11T11:49:01+08:00 ] ::1 /phpLearning/2018-01-03/thinkphp/index.php/Home/Index/upload
INFO: [ app_init ] --START--
INFO: Run Behavior\BuildLiteBehavior [ RunTime:0.000014s ]
INFO: [ app_init ] --END-- [ RunTime:0.000293s ]

[ 2018-01-11T11:49:09+08:00 ] ::1 /phpLearning/2018-01-03/thinkphp/index.php/Home/Index/upload
INFO: [ app_init ] --START--
INFO: Run Behavior\BuildLiteBehavior [ RunTime:0.000009s ]
INFO: [ app_init ] --END-- [ RunTime:0.000191s ]

[ 2018-01-11T14:04:45+08:00 ] ::1 /phpLearning/2018-01-03/thinkphp/index.php/Home/Index/myUpload
INFO: [ app_init ] --START--
INFO: Run Behavior\BuildLiteBehavior [ RunTime:0.000008s ]
INFO: [ app_init ] --END-- [ RunTime:0.000213s ]

[ 2018-01-11T14:04:46+08:00 ] ::1 /phpLearning/2018-01-03/thinkphp/index.php/Home/Index/upload
INFO: [ app_init ] --START--
INFO: Run Behavior\BuildLiteBehavior [ RunTime:0.000011s ]
INFO: [ app_init ] --END-- [ RunTime:0.000231s ]

[ 2018-01-11T14:04:47+08:00 ] ::1 /phpLearning/2018-01-03/thinkphp/index.php/Home/Index/myUpload
INFO: [ app_init ] --START--
INFO: Run Behavior\BuildLiteBehavior [ RunTime:0.000009s ]
INFO: [ app_init ] --END-- [ RunTime:0.000192s ]

[ 2018-01-11T14:04:54+08:00 ] ::1 /phpLearning/2018-01-03/thinkphp/index.php/Home/Index/upload
INFO: [ app_init ] --START--
INFO: Run Behavior\BuildLiteBehavior [ RunTime:0.000009s ]
INFO: [ app_init ] --END-- [ RunTime:0.000192s ]

[ 2018-01-11T14:05:09+08:00 ] ::1 /phpLearning/2018-01-03/thinkphp/index.php/Home/Index/myUpload
INFO: [ app_init ] --START--
INFO: Run Behavior\BuildLiteBehavior [ RunTime:0.000022s ]
INFO: [ app_init ] --END-- [ RunTime:0.000305s ]

[ 2018-01-11T14:19:15+08:00 ] ::1 /phpLearning/2018-01-03/thinkphp/index.php/Home/Index/xyz
INFO: [ app_init ] --START--
INFO: Run Behavior\BuildLiteBehavior [ RunTime:0.000014s ]
INFO: [ app_init ] --END-- [ RunTime:0.000315s ]

[ 2018-01-11T14:25:23+08:00 ] ::1 /phpLearning/2018-01-03/thinkphp/index.php/Home/Index/xyz
INFO: [ app_init ] --START--
INFO: Run Behavior\BuildLiteBehavior [ RunTime:0.000012s ]
INFO: [ app_init ] --END-- [ RunTime:0.000269s ]

[ 2018-01-11T14:26:01+08:00 ] ::1 /phpLearning/2018-01-03/thinkphp/index.php/Home/User/index
INFO: [ app_init ] --START--
INFO: Run Behavior\BuildLiteBehavior [ RunTime:0.000008s ]
INFO: [ app_init ] --END-- [ RunTime:0.000194s ]

[ 2018-01-11T14:41:02+08:00 ] ::1 /phpLearning/2018-01-03/thinkphp/index.php/Home/Index/index
INFO: [ app_init ] --START--
INFO: Run Behavior\BuildLiteBehavior [ RunTime:0.000010s ]
INFO: [ app_init ] --END-- [ RunTime:0.000226s ]

[ 2018-01-11T14:41:11+08:00 ] ::1 /phpLearning/2018-01-03/thinkphp/index.php/Home/Index/image
INFO: [ app_init ] --START--
INFO: Run Behavior\BuildLiteBehavior [ RunTime:0.000010s ]
INFO: [ app_init ] --END-- [ RunTime:0.000229s ]

[ 2018-01-11T16:03:46+08:00 ] ::1 /phpLearning/2018-01-03/thinkphp/index.php/Home/Index/image
INFO: [ app_init ] --START--
INFO: Run Behavior\BuildLiteBehavior [ RunTime:0.000008s ]
INFO: [ app_init ] --END-- [ RunTime:0.000189s ]
ERR: 不存在的图像文件

[ 2018-01-11T16:04:55+08:00 ] ::1 /phpLearning/2018-01-03/thinkphp/index.php/Home/Index/image
INFO: [ app_init ] --START--
INFO: Run Behavior\BuildLiteBehavior [ RunTime:0.000011s ]
INFO: [ app_init ] --END-- [ RunTime:0.000340s ]
ERR: 不存在的图像文件

[ 2018-01-11T16:06:05+08:00 ] ::1 /phpLearning/2018-01-03/thinkphp/index.php/Home/Index/image
INFO: [ app_init ] --START--
INFO: Run Behavior\BuildLiteBehavior [ RunTime:0.000010s ]
INFO: [ app_init ] --END-- [ RunTime:0.000232s ]

[ 2018-01-11T16:06:40+08:00 ] ::1 /phpLearning/2018-01-03/thinkphp/index.php/Home/Index/image
INFO: [ app_init ] --START--
INFO: Run Behavior\BuildLiteBehavior [ RunTime:0.000015s ]
INFO: [ app_init ] --END-- [ RunTime:0.000340s ]

[ 2018-01-11T16:06:50+08:00 ] ::1 /phpLearning/2018-01-03/thinkphp/index.php/Home/Index/image
INFO: [ app_init ] --START--
INFO: Run Behavior\BuildLiteBehavior [ RunTime:0.000009s ]
INFO: [ app_init ] --END-- [ RunTime:0.000193s ]

[ 2018-01-11T16:07:00+08:00 ] ::1 /phpLearning/2018-01-03/thinkphp/index.php/Home/Index/image
INFO: [ app_init ] --START--
INFO: Run Behavior\BuildLiteBehavior [ RunTime:0.000009s ]
INFO: [ app_init ] --END-- [ RunTime:0.000196s ]

[ 2018-01-11T16:07:09+08:00 ] ::1 /phpLearning/2018-01-03/thinkphp/index.php/Home/Index/image
INFO: [ app_init ] --START--
INFO: Run Behavior\BuildLiteBehavior [ RunTime:0.000016s ]
INFO: [ app_init ] --END-- [ RunTime:0.000388s ]

[ 2018-01-11T16:07:14+08:00 ] ::1 /phpLearning/2018-01-03/thinkphp/index.php/Home/Index/image
INFO: [ app_init ] --START--
INFO: Run Behavior\BuildLiteBehavior [ RunTime:0.000017s ]
INFO: [ app_init ] --END-- [ RunTime:0.000359s ]

[ 2018-01-11T16:07:20+08:00 ] ::1 /phpLearning/2018-01-03/thinkphp/index.php/Home/Index/image
INFO: [ app_init ] --START--
INFO: Run Behavior\BuildLiteBehavior [ RunTime:0.000018s ]
INFO: [ app_init ] --END-- [ RunTime:0.000213s ]

[ 2018-01-11T16:08:28+08:00 ] ::1 /phpLearning/2018-01-03/thinkphp/index.php/Home/Index/image
INFO: [ app_init ] --START--
INFO: Run Behavior\BuildLiteBehavior [ RunTime:0.000008s ]
INFO: [ app_init ] --END-- [ RunTime:0.000197s ]

[ 2018-01-11T16:10:16+08:00 ] ::1 /phpLearning/2018-01-03/thinkphp/index.php/Home/Index/image
INFO: [ app_init ] --START--
INFO: Run Behavior\BuildLiteBehavior [ RunTime:0.000011s ]
INFO: [ app_init ] --END-- [ RunTime:0.000210s ]

[ 2018-01-11T16:11:58+08:00 ] ::1 /phpLearning/2018-01-03/thinkphp/index.php/Home/Index/image
INFO: [ app_init ] --START--
INFO: Run Behavior\BuildLiteBehavior [ RunTime:0.000015s ]
INFO: [ app_init ] --END-- [ RunTime:0.000365s ]

[ 2018-01-11T16:12:36+08:00 ] ::1 /phpLearning/2018-01-03/thinkphp/index.php/Home/Index/image
INFO: [ app_init ] --START--
INFO: Run Behavior\BuildLiteBehavior [ RunTime:0.000009s ]
INFO: [ app_init ] --END-- [ RunTime:0.000190s ]

[ 2018-01-11T16:12:51+08:00 ] ::1 /phpLearning/2018-01-03/thinkphp/index.php/Home/Index/image
INFO: [ app_init ] --START--
INFO: Run Behavior\BuildLiteBehavior [ RunTime:0.000026s ]
INFO: [ app_init ] --END-- [ RunTime:0.000342s ]

[ 2018-01-11T16:15:22+08:00 ] ::1 /phpLearning/2018-01-03/thinkphp/index.php/Home/Index/image
INFO: [ app_init ] --START--
INFO: Run Behavior\BuildLiteBehavior [ RunTime:0.000010s ]
INFO: [ app_init ] --END-- [ RunTime:0.000210s ]

