[ 2018-01-10T09:31:27+08:00 ] ::1 /phpLearning/2018-01-02/thinkphp/
INFO: [ app_init ] --START--
INFO: Run Behavior\BuildLiteBehavior [ RunTime:0.000022s ]
INFO: [ app_init ] --END-- [ RunTime:0.000580s ]

[ 2018-01-10T09:44:37+08:00 ] ::1 /phpLearning/2018-01-02/thinkphp/
INFO: [ app_init ] --START--
INFO: Run Behavior\BuildLiteBehavior [ RunTime:0.000020s ]
INFO: [ app_init ] --END-- [ RunTime:0.000410s ]

[ 2018-01-10T09:45:14+08:00 ] ::1 /phpLearning/2018-01-02/thinkphp/
INFO: [ app_init ] --START--
INFO: Run Behavior\BuildLiteBehavior [ RunTime:0.000016s ]
INFO: [ app_init ] --END-- [ RunTime:0.000265s ]

[ 2018-01-10T09:45:18+08:00 ] ::1 /phpLearning/2018-01-02/thinkphp/
INFO: [ app_init ] --START--
INFO: Run Behavior\BuildLiteBehavior [ RunTime:0.000008s ]
INFO: [ app_init ] --END-- [ RunTime:0.000194s ]

[ 2018-01-10T09:50:14+08:00 ] ::1 /phpLearning/2018-01-02/thinkphp/
INFO: [ app_init ] --START--
INFO: Run Behavior\BuildLiteBehavior [ RunTime:0.000019s ]
INFO: [ app_init ] --END-- [ RunTime:0.000226s ]

[ 2018-01-10T09:50:29+08:00 ] ::1 /phpLearning/2018-01-02/thinkphp/
INFO: [ app_init ] --START--
INFO: Run Behavior\BuildLiteBehavior [ RunTime:0.000010s ]
INFO: [ app_init ] --END-- [ RunTime:0.000214s ]

[ 2018-01-10T09:50:55+08:00 ] ::1 /phpLearning/2018-01-02/thinkphp/
INFO: [ app_init ] --START--
INFO: Run Behavior\BuildLiteBehavior [ RunTime:0.000009s ]
INFO: [ app_init ] --END-- [ RunTime:0.000238s ]

[ 2018-01-10T09:51:41+08:00 ] ::1 /phpLearning/2018-01-02/thinkphp/
INFO: [ app_init ] --START--
INFO: Run Behavior\BuildLiteBehavior [ RunTime:0.000020s ]
INFO: [ app_init ] --END-- [ RunTime:0.000819s ]

[ 2018-01-10T09:52:16+08:00 ] ::1 /phpLearning/2018-01-02/thinkphp/
INFO: [ app_init ] --START--
INFO: Run Behavior\BuildLiteBehavior [ RunTime:0.000015s ]
INFO: [ app_init ] --END-- [ RunTime:0.000271s ]

[ 2018-01-10T09:52:26+08:00 ] ::1 /phpLearning/2018-01-02/thinkphp/index.php/Home/Index/del?id=20
INFO: [ app_init ] --START--
INFO: Run Behavior\BuildLiteBehavior [ RunTime:0.000008s ]
INFO: [ app_init ] --END-- [ RunTime:0.000188s ]
INFO: [ app_begin ] --START--
INFO: Run Behavior\ReadHtmlCacheBehavior [ RunTime:0.000237s ]
INFO: [ app_begin ] --END-- [ RunTime:0.000262s ]
SQL: SHOW COLUMNS FROM `users` [ RunTime:0.0010s ]
SQL: DELETE FROM `users` WHERE `id` = 20 [ RunTime:0.0007s ]

[ 2018-01-10T09:56:35+08:00 ] ::1 /phpLearning/2018-01-02/thinkphp/
INFO: [ app_init ] --START--
INFO: Run Behavior\BuildLiteBehavior [ RunTime:0.000024s ]
INFO: [ app_init ] --END-- [ RunTime:0.000717s ]

[ 2018-01-10T09:56:42+08:00 ] ::1 /phpLearning/2018-01-02/thinkphp/index.php/Home/Index/del?id=9
INFO: [ app_init ] --START--
INFO: Run Behavior\BuildLiteBehavior [ RunTime:0.000008s ]
INFO: [ app_init ] --END-- [ RunTime:0.000190s ]
INFO: [ app_begin ] --START--
INFO: Run Behavior\ReadHtmlCacheBehavior [ RunTime:0.000244s ]
INFO: [ app_begin ] --END-- [ RunTime:0.000268s ]
SQL: SHOW COLUMNS FROM `users` [ RunTime:0.0013s ]
SQL: DELETE FROM `users` WHERE `id` = 9 [ RunTime:0.0006s ]

[ 2018-01-10T09:56:47+08:00 ] ::1 /phpLearning/2018-01-02/thinkphp/
INFO: [ app_init ] --START--
INFO: Run Behavior\BuildLiteBehavior [ RunTime:0.000018s ]
INFO: [ app_init ] --END-- [ RunTime:0.000486s ]

[ 2018-01-10T10:02:22+08:00 ] ::1 /phpLearning/2018-01-02/thinkphp/
INFO: [ app_init ] --START--
INFO: Run Behavior\BuildLiteBehavior [ RunTime:0.000019s ]
INFO: [ app_init ] --END-- [ RunTime:0.001020s ]

[ 2018-01-10T10:03:17+08:00 ] ::1 /phpLearning/2018-01-02/thinkphp/
INFO: [ app_init ] --START--
INFO: Run Behavior\BuildLiteBehavior [ RunTime:0.000016s ]
INFO: [ app_init ] --END-- [ RunTime:0.000468s ]

[ 2018-01-10T10:03:29+08:00 ] ::1 /phpLearning/2018-01-02/thinkphp/index.php/Home/Index/del?id=8
INFO: [ app_init ] --START--
INFO: Run Behavior\BuildLiteBehavior [ RunTime:0.000022s ]
INFO: [ app_init ] --END-- [ RunTime:0.000386s ]
INFO: [ app_begin ] --START--
INFO: Run Behavior\ReadHtmlCacheBehavior [ RunTime:0.000422s ]
INFO: [ app_begin ] --END-- [ RunTime:0.000454s ]
SQL: SHOW COLUMNS FROM `users` [ RunTime:0.0016s ]
SQL: DELETE FROM `users` WHERE `id` = 8 [ RunTime:0.0005s ]

[ 2018-01-10T10:03:54+08:00 ] ::1 /phpLearning/2018-01-02/thinkphp/index.php/Home/Index/add
INFO: [ app_init ] --START--
INFO: Run Behavior\BuildLiteBehavior [ RunTime:0.000009s ]
INFO: [ app_init ] --END-- [ RunTime:0.000209s ]

[ 2018-01-10T10:03:58+08:00 ] ::1 /phpLearning/2018-01-02/thinkphp/index.php/Home/Index/add
INFO: [ app_init ] --START--
INFO: Run Behavior\BuildLiteBehavior [ RunTime:0.000009s ]
INFO: [ app_init ] --END-- [ RunTime:0.000194s ]

[ 2018-01-10T10:04:11+08:00 ] ::1 /phpLearning/2018-01-02/thinkphp/index.php/Home/Index/addAction
INFO: [ app_init ] --START--
INFO: Run Behavior\BuildLiteBehavior [ RunTime:0.000011s ]
INFO: [ app_init ] --END-- [ RunTime:0.000267s ]

[ 2018-01-10T10:04:14+08:00 ] ::1 /phpLearning/2018-01-02/thinkphp/index.php/Home/Index/index
INFO: [ app_init ] --START--
INFO: Run Behavior\BuildLiteBehavior [ RunTime:0.000010s ]
INFO: [ app_init ] --END-- [ RunTime:0.000222s ]

[ 2018-01-10T10:12:50+08:00 ] ::1 /phpLearning/2018-01-02/thinkphp/index.php/Home/Index/index
INFO: [ app_init ] --START--
INFO: Run Behavior\BuildLiteBehavior [ RunTime:0.000008s ]
INFO: [ app_init ] --END-- [ RunTime:0.000194s ]

[ 2018-01-10T10:25:43+08:00 ] ::1 /phpLearning/2018-01-02/thinkphp/index.php/Home/Index/index
INFO: [ app_init ] --START--
INFO: Run Behavior\BuildLiteBehavior [ RunTime:0.000008s ]
INFO: [ app_init ] --END-- [ RunTime:0.000189s ]

[ 2018-01-10T10:28:37+08:00 ] ::1 /phpLearning/2018-01-02/thinkphp/index.php/Home/Index/index
INFO: [ app_init ] --START--
INFO: Run Behavior\BuildLiteBehavior [ RunTime:0.000007s ]
INFO: [ app_init ] --END-- [ RunTime:0.000193s ]

[ 2018-01-10T10:28:39+08:00 ] ::1 /phpLearning/2018-01-02/thinkphp/index.php/Home/Index/edit/id/1
INFO: [ app_init ] --START--
INFO: Run Behavior\BuildLiteBehavior [ RunTime:0.000009s ]
INFO: [ app_init ] --END-- [ RunTime:0.000199s ]

[ 2018-01-10T10:29:10+08:00 ] ::1 /phpLearning/2018-01-02/thinkphp/index.php/Home/Index/edit/id/1
INFO: [ app_init ] --START--
INFO: Run Behavior\BuildLiteBehavior [ RunTime:0.000010s ]
INFO: [ app_init ] --END-- [ RunTime:0.000221s ]

[ 2018-01-10T10:29:33+08:00 ] ::1 /phpLearning/2018-01-02/thinkphp/index.php/Home/Index/edit/id/1
INFO: [ app_init ] --START--
INFO: Run Behavior\BuildLiteBehavior [ RunTime:0.000008s ]
INFO: [ app_init ] --END-- [ RunTime:0.000198s ]

[ 2018-01-10T10:30:36+08:00 ] ::1 /phpLearning/2018-01-02/thinkphp/index.php/Home/Index/edit/id/1
INFO: [ app_init ] --START--
INFO: Run Behavior\BuildLiteBehavior [ RunTime:0.000009s ]
INFO: [ app_init ] --END-- [ RunTime:0.000200s ]

[ 2018-01-10T10:30:54+08:00 ] ::1 /phpLearning/2018-01-02/thinkphp/index.php/Home/Index/edit/id/1
INFO: [ app_init ] --START--
INFO: Run Behavior\BuildLiteBehavior [ RunTime:0.000010s ]
INFO: [ app_init ] --END-- [ RunTime:0.000206s ]

[ 2018-01-10T10:30:58+08:00 ] ::1 /phpLearning/2018-01-02/thinkphp/index.php/Home/Index/index
INFO: [ app_init ] --START--
INFO: Run Behavior\BuildLiteBehavior [ RunTime:0.000007s ]
INFO: [ app_init ] --END-- [ RunTime:0.000196s ]

[ 2018-01-10T10:31:00+08:00 ] ::1 /phpLearning/2018-01-02/thinkphp/index.php/Home/Index/edit/id/2
INFO: [ app_init ] --START--
INFO: Run Behavior\BuildLiteBehavior [ RunTime:0.000009s ]
INFO: [ app_init ] --END-- [ RunTime:0.000197s ]

[ 2018-01-10T10:31:23+08:00 ] ::1 /phpLearning/2018-01-02/thinkphp/index.php/Home/Index/index
INFO: [ app_init ] --START--
INFO: Run Behavior\BuildLiteBehavior [ RunTime:0.000008s ]
INFO: [ app_init ] --END-- [ RunTime:0.000193s ]

[ 2018-01-10T10:31:24+08:00 ] ::1 /phpLearning/2018-01-02/thinkphp/index.php/Home/Index/edit/id/2
INFO: [ app_init ] --START--
INFO: Run Behavior\BuildLiteBehavior [ RunTime:0.000009s ]
INFO: [ app_init ] --END-- [ RunTime:0.000198s ]

[ 2018-01-10T10:31:26+08:00 ] ::1 /phpLearning/2018-01-02/thinkphp/index.php/Home/Index/edit/id/1
INFO: [ app_init ] --START--
INFO: Run Behavior\BuildLiteBehavior [ RunTime:0.000008s ]
INFO: [ app_init ] --END-- [ RunTime:0.000194s ]

[ 2018-01-10T10:31:29+08:00 ] ::1 /phpLearning/2018-01-02/thinkphp/index.php/Home/Index/edit/id/16
INFO: [ app_init ] --START--
INFO: Run Behavior\BuildLiteBehavior [ RunTime:0.000012s ]
INFO: [ app_init ] --END-- [ RunTime:0.000305s ]

[ 2018-01-10T10:31:33+08:00 ] ::1 /phpLearning/2018-01-02/thinkphp/index.php/Home/Index/edit/id/23
INFO: [ app_init ] --START--
INFO: Run Behavior\BuildLiteBehavior [ RunTime:0.000008s ]
INFO: [ app_init ] --END-- [ RunTime:0.000190s ]

[ 2018-01-10T10:32:32+08:00 ] ::1 /phpLearning/2018-01-02/thinkphp/index.php/Home/Index/index
INFO: [ app_init ] --START--
INFO: Run Behavior\BuildLiteBehavior [ RunTime:0.000008s ]
INFO: [ app_init ] --END-- [ RunTime:0.000186s ]

[ 2018-01-10T10:32:36+08:00 ] ::1 /phpLearning/2018-01-02/thinkphp/index.php/Home/Index/edit/id/2
INFO: [ app_init ] --START--
INFO: Run Behavior\BuildLiteBehavior [ RunTime:0.000009s ]
INFO: [ app_init ] --END-- [ RunTime:0.000194s ]

[ 2018-01-10T10:32:39+08:00 ] ::1 /phpLearning/2018-01-02/thinkphp/index.php/Home/Index/edit/id/16
INFO: [ app_init ] --START--
INFO: Run Behavior\BuildLiteBehavior [ RunTime:0.000008s ]
INFO: [ app_init ] --END-- [ RunTime:0.000190s ]

[ 2018-01-10T10:32:43+08:00 ] ::1 /phpLearning/2018-01-02/thinkphp/index.php/Home/Index/edit/id/15
INFO: [ app_init ] --START--
INFO: Run Behavior\BuildLiteBehavior [ RunTime:0.000009s ]
INFO: [ app_init ] --END-- [ RunTime:0.000195s ]

[ 2018-01-10T10:33:29+08:00 ] ::1 /phpLearning/2018-01-02/thinkphp/index.php/Home/Index/index
INFO: [ app_init ] --START--
INFO: Run Behavior\BuildLiteBehavior [ RunTime:0.000007s ]
INFO: [ app_init ] --END-- [ RunTime:0.000192s ]

[ 2018-01-10T10:33:31+08:00 ] ::1 /phpLearning/2018-01-02/thinkphp/index.php/Home/Index/edit/id/15
INFO: [ app_init ] --START--
INFO: Run Behavior\BuildLiteBehavior [ RunTime:0.000008s ]
INFO: [ app_init ] --END-- [ RunTime:0.000191s ]

[ 2018-01-10T10:33:34+08:00 ] ::1 /phpLearning/2018-01-02/thinkphp/index.php/Home/Index/edit/id/23
INFO: [ app_init ] --START--
INFO: Run Behavior\BuildLiteBehavior [ RunTime:0.000009s ]
INFO: [ app_init ] --END-- [ RunTime:0.000194s ]

[ 2018-01-10T10:34:40+08:00 ] ::1 /phpLearning/2018-01-02/thinkphp/index.php/Home/Index/edit/id/25
INFO: [ app_init ] --START--
INFO: Run Behavior\BuildLiteBehavior [ RunTime:0.000009s ]
INFO: [ app_init ] --END-- [ RunTime:0.000196s ]

[ 2018-01-10T10:35:25+08:00 ] ::1 /phpLearning/2018-01-02/thinkphp/index.php/Home/Index/index
INFO: [ app_init ] --START--
INFO: Run Behavior\BuildLiteBehavior [ RunTime:0.000008s ]
INFO: [ app_init ] --END-- [ RunTime:0.000193s ]

[ 2018-01-10T10:35:26+08:00 ] ::1 /phpLearning/2018-01-02/thinkphp/index.php/Home/Index/edit/id/19
INFO: [ app_init ] --START--
INFO: Run Behavior\BuildLiteBehavior [ RunTime:0.000011s ]
INFO: [ app_init ] --END-- [ RunTime:0.000244s ]

[ 2018-01-10T10:35:29+08:00 ] ::1 /phpLearning/2018-01-02/thinkphp/index.php/Home/Index/edit/id/23
INFO: [ app_init ] --START--
INFO: Run Behavior\BuildLiteBehavior [ RunTime:0.000011s ]
INFO: [ app_init ] --END-- [ RunTime:0.000236s ]

[ 2018-01-10T10:35:32+08:00 ] ::1 /phpLearning/2018-01-02/thinkphp/index.php/Home/Index/edit/id/24
INFO: [ app_init ] --START--
INFO: Run Behavior\BuildLiteBehavior [ RunTime:0.000009s ]
INFO: [ app_init ] --END-- [ RunTime:0.000197s ]

[ 2018-01-10T10:38:47+08:00 ] ::1 /phpLearning/2018-01-02/thinkphp/index.php/Home/Index/index
INFO: [ app_init ] --START--
INFO: Run Behavior\BuildLiteBehavior [ RunTime:0.000008s ]
INFO: [ app_init ] --END-- [ RunTime:0.000200s ]

[ 2018-01-10T10:38:49+08:00 ] ::1 /phpLearning/2018-01-02/thinkphp/index.php/Home/Index/edit/id/15
INFO: [ app_init ] --START--
INFO: Run Behavior\BuildLiteBehavior [ RunTime:0.000008s ]
INFO: [ app_init ] --END-- [ RunTime:0.000197s ]

[ 2018-01-10T10:40:48+08:00 ] ::1 /phpLearning/2018-01-02/thinkphp/index.php/Home/Index/index
INFO: [ app_init ] --START--
INFO: Run Behavior\BuildLiteBehavior [ RunTime:0.000008s ]
INFO: [ app_init ] --END-- [ RunTime:0.000188s ]

[ 2018-01-10T10:40:50+08:00 ] ::1 /phpLearning/2018-01-02/thinkphp/index.php/Home/Index/edit/id/15
INFO: [ app_init ] --START--
INFO: Run Behavior\BuildLiteBehavior [ RunTime:0.000009s ]
INFO: [ app_init ] --END-- [ RunTime:0.000192s ]

[ 2018-01-10T10:41:38+08:00 ] ::1 /phpLearning/2018-01-02/thinkphp/index.php/Home/Index/index
INFO: [ app_init ] --START--
INFO: Run Behavior\BuildLiteBehavior [ RunTime:0.000011s ]
INFO: [ app_init ] --END-- [ RunTime:0.000244s ]

[ 2018-01-10T10:41:39+08:00 ] ::1 /phpLearning/2018-01-02/thinkphp/index.php/Home/Index/edit/id/23
INFO: [ app_init ] --START--
INFO: Run Behavior\BuildLiteBehavior [ RunTime:0.000009s ]
INFO: [ app_init ] --END-- [ RunTime:0.000191s ]

[ 2018-01-10T10:42:42+08:00 ] ::1 /phpLearning/2018-01-02/thinkphp/index.php/Home/Index/index
INFO: [ app_init ] --START--
INFO: Run Behavior\BuildLiteBehavior [ RunTime:0.000011s ]
INFO: [ app_init ] --END-- [ RunTime:0.000312s ]

[ 2018-01-10T10:42:45+08:00 ] ::1 /phpLearning/2018-01-02/thinkphp/index.php/Home/Index/edit/id/22
INFO: [ app_init ] --START--
INFO: Run Behavior\BuildLiteBehavior [ RunTime:0.000009s ]
INFO: [ app_init ] --END-- [ RunTime:0.000191s ]

[ 2018-01-10T10:42:48+08:00 ] ::1 /phpLearning/2018-01-02/thinkphp/index.php/Home/Index/edit/id/24
INFO: [ app_init ] --START--
INFO: Run Behavior\BuildLiteBehavior [ RunTime:0.000012s ]
INFO: [ app_init ] --END-- [ RunTime:0.000241s ]

[ 2018-01-10T10:49:43+08:00 ] ::1 /phpLearning/2018-01-02/thinkphp/index.php/Home/Index/index
INFO: [ app_init ] --START--
INFO: Run Behavior\BuildLiteBehavior [ RunTime:0.000014s ]
INFO: [ app_init ] --END-- [ RunTime:0.000306s ]

[ 2018-01-10T10:49:45+08:00 ] ::1 /phpLearning/2018-01-02/thinkphp/index.php/Home/Index/edit/id/2
INFO: [ app_init ] --START--
INFO: Run Behavior\BuildLiteBehavior [ RunTime:0.000017s ]
INFO: [ app_init ] --END-- [ RunTime:0.000356s ]

[ 2018-01-10T10:50:35+08:00 ] ::1 /phpLearning/2018-01-02/thinkphp/index.php/Home/Index/index
INFO: [ app_init ] --START--
INFO: Run Behavior\BuildLiteBehavior [ RunTime:0.000008s ]
INFO: [ app_init ] --END-- [ RunTime:0.000196s ]

[ 2018-01-10T10:50:40+08:00 ] ::1 /phpLearning/2018-01-02/thinkphp/index.php/Home/Index/edit/id/16
INFO: [ app_init ] --START--
INFO: Run Behavior\BuildLiteBehavior [ RunTime:0.000010s ]
INFO: [ app_init ] --END-- [ RunTime:0.000201s ]

[ 2018-01-10T10:52:15+08:00 ] ::1 /phpLearning/2018-01-02/thinkphp/index.php/Home/Index/edit/id/16
INFO: [ app_init ] --START--
INFO: Run Behavior\BuildLiteBehavior [ RunTime:0.000008s ]
INFO: [ app_init ] --END-- [ RunTime:0.000193s ]

[ 2018-01-10T10:52:26+08:00 ] ::1 /phpLearning/2018-01-02/thinkphp/index.php/Home/Index/edit/id/19
INFO: [ app_init ] --START--
INFO: Run Behavior\BuildLiteBehavior [ RunTime:0.000010s ]
INFO: [ app_init ] --END-- [ RunTime:0.000209s ]

[ 2018-01-10T10:57:14+08:00 ] ::1 /phpLearning/2018-01-02/thinkphp/index.php/Home/Index/edit/id/19
INFO: [ app_init ] --START--
INFO: Run Behavior\BuildLiteBehavior [ RunTime:0.000007s ]
INFO: [ app_init ] --END-- [ RunTime:0.000193s ]

[ 2018-01-10T10:57:25+08:00 ] ::1 /phpLearning/2018-01-02/thinkphp/index.php/Home/Index/editAction/id/19
INFO: [ app_init ] --START--
INFO: Run Behavior\BuildLiteBehavior [ RunTime:0.000009s ]
INFO: [ app_init ] --END-- [ RunTime:0.000200s ]

[ 2018-01-10T10:58:08+08:00 ] ::1 /phpLearning/2018-01-02/thinkphp/index.php/Home/Index/editAction/id/19
INFO: [ app_init ] --START--
INFO: Run Behavior\BuildLiteBehavior [ RunTime:0.000010s ]
INFO: [ app_init ] --END-- [ RunTime:0.000219s ]

[ 2018-01-10T10:58:13+08:00 ] ::1 /phpLearning/2018-01-02/thinkphp/index.php/Home/Index/editAction/id/19
INFO: [ app_init ] --START--
INFO: Run Behavior\BuildLiteBehavior [ RunTime:0.000022s ]
INFO: [ app_init ] --END-- [ RunTime:0.000228s ]

[ 2018-01-10T10:58:37+08:00 ] ::1 /phpLearning/2018-01-02/thinkphp/index.php/Home/Index/index
INFO: [ app_init ] --START--
INFO: Run Behavior\BuildLiteBehavior [ RunTime:0.000008s ]
INFO: [ app_init ] --END-- [ RunTime:0.000199s ]

[ 2018-01-10T10:58:38+08:00 ] ::1 /phpLearning/2018-01-02/thinkphp/index.php/Home/Index/edit/id/2
INFO: [ app_init ] --START--
INFO: Run Behavior\BuildLiteBehavior [ RunTime:0.000010s ]
INFO: [ app_init ] --END-- [ RunTime:0.000206s ]

[ 2018-01-10T10:58:42+08:00 ] ::1 /phpLearning/2018-01-02/thinkphp/index.php/Home/Index/edit/id/15
INFO: [ app_init ] --START--
INFO: Run Behavior\BuildLiteBehavior [ RunTime:0.000033s ]
INFO: [ app_init ] --END-- [ RunTime:0.000542s ]

[ 2018-01-10T10:58:47+08:00 ] ::1 /phpLearning/2018-01-02/thinkphp/index.php/Home/Index/index
INFO: [ app_init ] --START--
INFO: Run Behavior\BuildLiteBehavior [ RunTime:0.000008s ]
INFO: [ app_init ] --END-- [ RunTime:0.000190s ]

[ 2018-01-10T10:58:52+08:00 ] ::1 /phpLearning/2018-01-02/thinkphp/index.php/Home/Index/edit/id/25
INFO: [ app_init ] --START--
INFO: Run Behavior\BuildLiteBehavior [ RunTime:0.000008s ]
INFO: [ app_init ] --END-- [ RunTime:0.000191s ]

[ 2018-01-10T11:00:04+08:00 ] ::1 /phpLearning/2018-01-02/thinkphp/index.php/Home/Index/editAction/id/25
INFO: [ app_init ] --START--
INFO: Run Behavior\BuildLiteBehavior [ RunTime:0.000014s ]
INFO: [ app_init ] --END-- [ RunTime:0.000337s ]

[ 2018-01-10T11:00:42+08:00 ] ::1 /phpLearning/2018-01-02/thinkphp/
INFO: [ app_init ] --START--
INFO: Run Behavior\BuildLiteBehavior [ RunTime:0.000009s ]
INFO: [ app_init ] --END-- [ RunTime:0.000212s ]

[ 2018-01-10T11:00:44+08:00 ] ::1 /phpLearning/2018-01-02/thinkphp/index.php/Home/Index/edit/id/2
INFO: [ app_init ] --START--
INFO: Run Behavior\BuildLiteBehavior [ RunTime:0.000009s ]
INFO: [ app_init ] --END-- [ RunTime:0.000194s ]

[ 2018-01-10T11:00:51+08:00 ] ::1 /phpLearning/2018-01-02/thinkphp/index.php/Home/Index/editAction/
INFO: [ app_init ] --START--
INFO: Run Behavior\BuildLiteBehavior [ RunTime:0.000008s ]
INFO: [ app_init ] --END-- [ RunTime:0.000195s ]

[ 2018-01-10T11:03:46+08:00 ] ::1 /phpLearning/2018-01-02/thinkphp/index.php/Home/Index/edit/id/2
INFO: [ app_init ] --START--
INFO: Run Behavior\BuildLiteBehavior [ RunTime:0.000009s ]
INFO: [ app_init ] --END-- [ RunTime:0.000196s ]

[ 2018-01-10T11:03:49+08:00 ] ::1 /phpLearning/2018-01-02/thinkphp/index.php/Home/Index/edit/id/19
INFO: [ app_init ] --START--
INFO: Run Behavior\BuildLiteBehavior [ RunTime:0.000009s ]
INFO: [ app_init ] --END-- [ RunTime:0.000199s ]

[ 2018-01-10T11:04:43+08:00 ] ::1 /phpLearning/2018-01-02/thinkphp/
INFO: [ app_init ] --START--
INFO: Run Behavior\BuildLiteBehavior [ RunTime:0.000009s ]
INFO: [ app_init ] --END-- [ RunTime:0.000199s ]

[ 2018-01-10T11:04:46+08:00 ] ::1 /phpLearning/2018-01-02/thinkphp/index.php/Home/Index/edit/id/16
INFO: [ app_init ] --START--
INFO: Run Behavior\BuildLiteBehavior [ RunTime:0.000008s ]
INFO: [ app_init ] --END-- [ RunTime:0.000196s ]

[ 2018-01-10T11:04:50+08:00 ] ::1 /phpLearning/2018-01-02/thinkphp/index.php/Home/Index/edit/id/23
INFO: [ app_init ] --START--
INFO: Run Behavior\BuildLiteBehavior [ RunTime:0.000009s ]
INFO: [ app_init ] --END-- [ RunTime:0.000197s ]

[ 2018-01-10T11:05:28+08:00 ] ::1 /phpLearning/2018-01-02/thinkphp/
INFO: [ app_init ] --START--
INFO: Run Behavior\BuildLiteBehavior [ RunTime:0.000008s ]
INFO: [ app_init ] --END-- [ RunTime:0.000196s ]

[ 2018-01-10T11:06:11+08:00 ] ::1 /phpLearning/2018-01-02/thinkphp/
INFO: [ app_init ] --START--
INFO: Run Behavior\BuildLiteBehavior [ RunTime:0.000007s ]
INFO: [ app_init ] --END-- [ RunTime:0.000190s ]

[ 2018-01-10T11:07:05+08:00 ] ::1 /phpLearning/2018-01-02/thinkphp/
INFO: [ app_init ] --START--
INFO: Run Behavior\BuildLiteBehavior [ RunTime:0.000017s ]
INFO: [ app_init ] --END-- [ RunTime:0.000274s ]

[ 2018-01-10T11:07:09+08:00 ] ::1 /phpLearning/2018-01-02/thinkphp/index.php/Home/Index/edit/id/15
INFO: [ app_init ] --START--
INFO: Run Behavior\BuildLiteBehavior [ RunTime:0.000009s ]
INFO: [ app_init ] --END-- [ RunTime:0.000191s ]

[ 2018-01-10T11:08:43+08:00 ] ::1 /phpLearning/2018-01-02/thinkphp/index.php/Home/Index/edit/id/24
INFO: [ app_init ] --START--
INFO: Run Behavior\BuildLiteBehavior [ RunTime:0.000009s ]
INFO: [ app_init ] --END-- [ RunTime:0.000199s ]

[ 2018-01-10T11:14:10+08:00 ] ::1 /phpLearning/2018-01-02/thinkphp/
INFO: [ app_init ] --START--
INFO: Run Behavior\BuildLiteBehavior [ RunTime:0.000017s ]
INFO: [ app_init ] --END-- [ RunTime:0.000278s ]

[ 2018-01-10T11:14:12+08:00 ] ::1 /phpLearning/2018-01-02/thinkphp/index.php/Home/Index/edit/id/16
INFO: [ app_init ] --START--
INFO: Run Behavior\BuildLiteBehavior [ RunTime:0.000011s ]
INFO: [ app_init ] --END-- [ RunTime:0.000249s ]

[ 2018-01-10T11:14:15+08:00 ] ::1 /phpLearning/2018-01-02/thinkphp/index.php/Home/Index/edit/id/22
INFO: [ app_init ] --START--
INFO: Run Behavior\BuildLiteBehavior [ RunTime:0.000008s ]
INFO: [ app_init ] --END-- [ RunTime:0.000191s ]

[ 2018-01-10T11:14:27+08:00 ] ::1 /phpLearning/2018-01-02/thinkphp/index.php/Home/Index/edit/id/24
INFO: [ app_init ] --START--
INFO: Run Behavior\BuildLiteBehavior [ RunTime:0.000022s ]
INFO: [ app_init ] --END-- [ RunTime:0.000415s ]

[ 2018-01-10T11:14:37+08:00 ] ::1 /phpLearning/2018-01-02/thinkphp/index.php/Home/Index/editAction
INFO: [ app_init ] --START--
INFO: Run Behavior\BuildLiteBehavior [ RunTime:0.000029s ]
INFO: [ app_init ] --END-- [ RunTime:0.000459s ]

[ 2018-01-10T11:16:26+08:00 ] ::1 /phpLearning/2018-01-02/thinkphp/index.php/Home/Index/edit/id/22
INFO: [ app_init ] --START--
INFO: Run Behavior\BuildLiteBehavior [ RunTime:0.000015s ]
INFO: [ app_init ] --END-- [ RunTime:0.000266s ]

[ 2018-01-10T11:18:39+08:00 ] ::1 /phpLearning/2018-01-02/thinkphp/index.php/Home/Index/edit/id/22
INFO: [ app_init ] --START--
INFO: Run Behavior\BuildLiteBehavior [ RunTime:0.000007s ]
INFO: [ app_init ] --END-- [ RunTime:0.000189s ]

[ 2018-01-10T11:18:47+08:00 ] ::1 /phpLearning/2018-01-02/thinkphp/index.php/Home/Index/editAction
INFO: [ app_init ] --START--
INFO: Run Behavior\BuildLiteBehavior [ RunTime:0.000013s ]
INFO: [ app_init ] --END-- [ RunTime:0.000294s ]

[ 2018-01-10T11:18:50+08:00 ] ::1 /phpLearning/2018-01-02/thinkphp/index.php/Home/Index/index
INFO: [ app_init ] --START--
INFO: Run Behavior\BuildLiteBehavior [ RunTime:0.000009s ]
INFO: [ app_init ] --END-- [ RunTime:0.000195s ]

[ 2018-01-10T11:20:59+08:00 ] ::1 /phpLearning/2018-01-02/thinkphp/index.php/Home/Index/test
INFO: [ app_init ] --START--
INFO: Run Behavior\BuildLiteBehavior [ RunTime:0.000008s ]
INFO: [ app_init ] --END-- [ RunTime:0.000197s ]

[ 2018-01-10T11:27:43+08:00 ] ::1 /phpLearning/2018-01-02/thinkphp/index.php/Home/Index/test
INFO: [ app_init ] --START--
INFO: Run Behavior\BuildLiteBehavior [ RunTime:0.000017s ]
INFO: [ app_init ] --END-- [ RunTime:0.000292s ]

[ 2018-01-10T11:33:01+08:00 ] ::1 /phpLearning/2018-01-02/thinkphp/index.php/Home/Index/test
INFO: [ app_init ] --START--
INFO: Run Behavior\BuildLiteBehavior [ RunTime:0.000011s ]
INFO: [ app_init ] --END-- [ RunTime:0.000224s ]

[ 2018-01-10T11:33:21+08:00 ] ::1 /phpLearning/2018-01-02/thinkphp/index.php/Home/Index/test
INFO: [ app_init ] --START--
INFO: Run Behavior\BuildLiteBehavior [ RunTime:0.000014s ]
INFO: [ app_init ] --END-- [ RunTime:0.000306s ]

[ 2018-01-10T11:34:48+08:00 ] ::1 /phpLearning/2018-01-02/thinkphp/index.php/Home/Index/test
INFO: [ app_init ] --START--
INFO: Run Behavior\BuildLiteBehavior [ RunTime:0.000008s ]
INFO: [ app_init ] --END-- [ RunTime:0.000193s ]
ERR: Think\Model:getAll方法不存在！

[ 2018-01-10T11:35:07+08:00 ] ::1 /phpLearning/2018-01-02/thinkphp/index.php/Home/Index/test
INFO: [ app_init ] --START--
INFO: Run Behavior\BuildLiteBehavior [ RunTime:0.000009s ]
INFO: [ app_init ] --END-- [ RunTime:0.000204s ]
ERR: Think\Model:getAll方法不存在！

[ 2018-01-10T11:35:53+08:00 ] ::1 /phpLearning/2018-01-02/thinkphp/index.php/Home/Index/index
INFO: [ app_init ] --START--
INFO: Run Behavior\BuildLiteBehavior [ RunTime:0.000009s ]
INFO: [ app_init ] --END-- [ RunTime:0.000198s ]

[ 2018-01-10T11:36:00+08:00 ] ::1 /phpLearning/2018-01-02/thinkphp/index.php/Home/Index/test
INFO: [ app_init ] --START--
INFO: Run Behavior\BuildLiteBehavior [ RunTime:0.000009s ]
INFO: [ app_init ] --END-- [ RunTime:0.000197s ]

[ 2018-01-10T11:38:39+08:00 ] ::1 /phpLearning/2018-01-02/thinkphp/index.php/Home/Index/test
INFO: [ app_init ] --START--
INFO: Run Behavior\BuildLiteBehavior [ RunTime:0.000012s ]
INFO: [ app_init ] --END-- [ RunTime:0.000260s ]

[ 2018-01-10T11:41:02+08:00 ] ::1 /phpLearning/2018-01-02/thinkphp/index.php/Home/Index/test
INFO: [ app_init ] --START--
INFO: Run Behavior\BuildLiteBehavior [ RunTime:0.000008s ]
INFO: [ app_init ] --END-- [ RunTime:0.000191s ]

