[ 2018-01-11T14:29:58+08:00 ] ::1 /phpLearning/2018-01-04/thinkphp/
INFO: [ app_init ] --START--
INFO: Run Behavior\BuildLiteBehavior [ RunTime:0.000016s ]
INFO: [ app_init ] --END-- [ RunTime:0.000198s ]
INFO: [ app_begin ] --START--
INFO: Run Behavior\ReadHtmlCacheBehavior [ RunTime:0.000499s ]
INFO: [ app_begin ] --END-- [ RunTime:0.000563s ]
INFO: [ view_parse ] --START--
INFO: [ template_filter ] --START--
INFO: Run Behavior\ContentReplaceBehavior [ RunTime:0.000036s ]
INFO: [ template_filter ] --END-- [ RunTime:0.000097s ]
INFO: Run Behavior\ParseTemplateBehavior [ RunTime:0.005239s ]
INFO: [ view_parse ] --END-- [ RunTime:0.005313s ]
INFO: [ view_filter ] --START--
INFO: Run Behavior\WriteHtmlCacheBehavior [ RunTime:0.000187s ]
INFO: [ view_filter ] --END-- [ RunTime:0.000227s ]
INFO: [ app_end ] --START--
INFO: Run Behavior\ShowPageTraceBehavior [ RunTime:0.000493s ]
INFO: [ app_end ] --END-- [ RunTime:0.000539s ]

[ 2018-01-11T17:33:40+08:00 ] ::1 /phpLearning/2018-01-04/thinkphp/
INFO: [ app_init ] --START--
INFO: Run Behavior\BuildLiteBehavior [ RunTime:0.000011s ]
INFO: [ app_init ] --END-- [ RunTime:0.000464s ]

[ 2018-01-11T17:33:51+08:00 ] ::1 /phpLearning/2018-01-04/thinkphp/Home/Index/index
INFO: [ app_init ] --START--
INFO: Run Behavior\BuildLiteBehavior [ RunTime:0.000010s ]
INFO: [ app_init ] --END-- [ RunTime:0.000202s ]

[ 2018-01-11T17:34:41+08:00 ] ::1 /phpLearning/2018-01-04/thinkphp/Home/Index/index
INFO: [ app_init ] --START--
INFO: Run Behavior\BuildLiteBehavior [ RunTime:0.000009s ]
INFO: [ app_init ] --END-- [ RunTime:0.000204s ]

[ 2018-01-11T17:35:10+08:00 ] ::1 /phpLearning/2018-01-04/thinkphp/Home/Index/index
INFO: [ app_init ] --START--
INFO: Run Behavior\BuildLiteBehavior [ RunTime:0.000010s ]
INFO: [ app_init ] --END-- [ RunTime:0.000231s ]

[ 2018-01-11T17:39:10+08:00 ] ::1 /phpLearning/2018-01-04/thinkphp/Home/Index/index
INFO: [ app_init ] --START--
INFO: Run Behavior\BuildLiteBehavior [ RunTime:0.000010s ]
INFO: [ app_init ] --END-- [ RunTime:0.000197s ]

[ 2018-01-11T17:39:41+08:00 ] ::1 /phpLearning/2018-01-04/thinkphp/Home/Index/index
INFO: [ app_init ] --START--
INFO: Run Behavior\BuildLiteBehavior [ RunTime:0.000011s ]
INFO: [ app_init ] --END-- [ RunTime:0.000239s ]

[ 2018-01-11T17:41:20+08:00 ] ::1 /phpLearning/2018-01-04/thinkphp/Home/Index/index
INFO: [ app_init ] --START--
INFO: Run Behavior\BuildLiteBehavior [ RunTime:0.000011s ]
INFO: [ app_init ] --END-- [ RunTime:0.000257s ]

[ 2018-01-11T17:45:56+08:00 ] ::1 /phpLearning/2018-01-04/thinkphp/Home/Index/index
INFO: [ app_init ] --START--
INFO: Run Behavior\BuildLiteBehavior [ RunTime:0.000009s ]
INFO: [ app_init ] --END-- [ RunTime:0.000256s ]

[ 2018-01-11T17:46:03+08:00 ] ::1 /phpLearning/2018-01-04/thinkphp/Home/Index/index
INFO: [ app_init ] --START--
INFO: Run Behavior\BuildLiteBehavior [ RunTime:0.000009s ]
INFO: [ app_init ] --END-- [ RunTime:0.000207s ]

[ 2018-01-11T17:46:18+08:00 ] ::1 /phpLearning/2018-01-04/thinkphp/Home/Index/index
INFO: [ app_init ] --START--
INFO: Run Behavior\BuildLiteBehavior [ RunTime:0.000008s ]
INFO: [ app_init ] --END-- [ RunTime:0.000190s ]

[ 2018-01-11T17:46:26+08:00 ] ::1 /phpLearning/2018-01-04/thinkphp/Home/Index/index
INFO: [ app_init ] --START--
INFO: Run Behavior\BuildLiteBehavior [ RunTime:0.000016s ]
INFO: [ app_init ] --END-- [ RunTime:0.000356s ]

[ 2018-01-11T17:50:33+08:00 ] ::1 /phpLearning/2018-01-04/thinkphp/Home/Index/index
INFO: [ app_init ] --START--
INFO: Run Behavior\BuildLiteBehavior [ RunTime:0.000008s ]
INFO: [ app_init ] --END-- [ RunTime:0.000192s ]

[ 2018-01-11T17:50:39+08:00 ] ::1 /phpLearning/2018-01-04/thinkphp/Home/Index/index
INFO: [ app_init ] --START--
INFO: Run Behavior\BuildLiteBehavior [ RunTime:0.000011s ]
INFO: [ app_init ] --END-- [ RunTime:0.000229s ]

[ 2018-01-11T17:58:13+08:00 ] ::1 /phpLearning/2018-01-04/thinkphp/Home/Index/index
INFO: [ app_init ] --START--
INFO: Run Behavior\BuildLiteBehavior [ RunTime:0.000011s ]
INFO: [ app_init ] --END-- [ RunTime:0.000228s ]

[ 2018-01-11T17:59:14+08:00 ] ::1 /phpLearning/2018-01-04/thinkphp/Home/Index/index
INFO: [ app_init ] --START--
INFO: Run Behavior\BuildLiteBehavior [ RunTime:0.000009s ]
INFO: [ app_init ] --END-- [ RunTime:0.000192s ]

[ 2018-01-11T18:00:31+08:00 ] ::1 /phpLearning/2018-01-04/thinkphp/Home/Index/index
INFO: [ app_init ] --START--
INFO: Run Behavior\BuildLiteBehavior [ RunTime:0.000009s ]
INFO: [ app_init ] --END-- [ RunTime:0.000206s ]

[ 2018-01-11T18:18:59+08:00 ] ::1 /phpLearning/2018-01-04/thinkphp/Home/Index/index
INFO: [ app_init ] --START--
INFO: Run Behavior\BuildLiteBehavior [ RunTime:0.000009s ]
INFO: [ app_init ] --END-- [ RunTime:0.000210s ]

[ 2018-01-11T18:19:08+08:00 ] ::1 /phpLearning/2018-01-04/thinkphp/Home/Index/index
INFO: [ app_init ] --START--
INFO: Run Behavior\BuildLiteBehavior [ RunTime:0.000016s ]
INFO: [ app_init ] --END-- [ RunTime:0.000593s ]

[ 2018-01-11T18:19:14+08:00 ] ::1 /phpLearning/2018-01-04/thinkphp/Home/Index/index
INFO: [ app_init ] --START--
INFO: Run Behavior\BuildLiteBehavior [ RunTime:0.000009s ]
INFO: [ app_init ] --END-- [ RunTime:0.000195s ]

[ 2018-01-11T18:19:20+08:00 ] ::1 /phpLearning/2018-01-04/thinkphp/Home/Index/index
INFO: [ app_init ] --START--
INFO: Run Behavior\BuildLiteBehavior [ RunTime:0.000026s ]
INFO: [ app_init ] --END-- [ RunTime:0.000224s ]

[ 2018-01-11T18:20:09+08:00 ] ::1 /phpLearning/2018-01-04/thinkphp/Home/Index/index
INFO: [ app_init ] --START--
INFO: Run Behavior\BuildLiteBehavior [ RunTime:0.000008s ]
INFO: [ app_init ] --END-- [ RunTime:0.000186s ]

[ 2018-01-11T18:20:11+08:00 ] ::1 /phpLearning/2018-01-04/thinkphp/Home/Index/index
INFO: [ app_init ] --START--
INFO: Run Behavior\BuildLiteBehavior [ RunTime:0.000012s ]
INFO: [ app_init ] --END-- [ RunTime:0.000363s ]

[ 2018-01-11T18:21:00+08:00 ] ::1 /phpLearning/2018-01-04/thinkphp/Home/Index/index
INFO: [ app_init ] --START--
INFO: Run Behavior\BuildLiteBehavior [ RunTime:0.000008s ]
INFO: [ app_init ] --END-- [ RunTime:0.000188s ]

[ 2018-01-11T18:21:01+08:00 ] ::1 /phpLearning/2018-01-04/thinkphp/Home/Index/index
INFO: [ app_init ] --START--
INFO: Run Behavior\BuildLiteBehavior [ RunTime:0.000008s ]
INFO: [ app_init ] --END-- [ RunTime:0.000192s ]

[ 2018-01-11T18:22:37+08:00 ] ::1 /phpLearning/2018-01-04/thinkphp/Home/Index/index
INFO: [ app_init ] --START--
INFO: Run Behavior\BuildLiteBehavior [ RunTime:0.000010s ]
INFO: [ app_init ] --END-- [ RunTime:0.000229s ]

[ 2018-01-11T18:22:38+08:00 ] ::1 /phpLearning/2018-01-04/thinkphp/Home/Index/index
INFO: [ app_init ] --START--
INFO: Run Behavior\BuildLiteBehavior [ RunTime:0.000009s ]
INFO: [ app_init ] --END-- [ RunTime:0.000198s ]

[ 2018-01-11T18:22:55+08:00 ] ::1 /phpLearning/2018-01-04/thinkphp/Home/Index/index
INFO: [ app_init ] --START--
INFO: Run Behavior\BuildLiteBehavior [ RunTime:0.000013s ]
INFO: [ app_init ] --END-- [ RunTime:0.000402s ]

[ 2018-01-11T18:23:01+08:00 ] ::1 /phpLearning/2018-01-04/thinkphp/Home/Index/index
INFO: [ app_init ] --START--
INFO: Run Behavior\BuildLiteBehavior [ RunTime:0.000009s ]
INFO: [ app_init ] --END-- [ RunTime:0.000195s ]

[ 2018-01-11T18:23:08+08:00 ] ::1 /phpLearning/2018-01-04/thinkphp/Home/Index/index
INFO: [ app_init ] --START--
INFO: Run Behavior\BuildLiteBehavior [ RunTime:0.000010s ]
INFO: [ app_init ] --END-- [ RunTime:0.000217s ]

[ 2018-01-11T18:24:02+08:00 ] ::1 /phpLearning/2018-01-04/thinkphp/Home/Index/index
INFO: [ app_init ] --START--
INFO: Run Behavior\BuildLiteBehavior [ RunTime:0.000045s ]
INFO: [ app_init ] --END-- [ RunTime:0.000743s ]

[ 2018-01-11T18:50:28+08:00 ] ::1 /phpLearning/2018-01-04/thinkphp/Home/Index/index
INFO: [ app_init ] --START--
INFO: Run Behavior\BuildLiteBehavior [ RunTime:0.000010s ]
INFO: [ app_init ] --END-- [ RunTime:0.000252s ]

[ 2018-01-11T18:50:38+08:00 ] ::1 /phpLearning/2018-01-04/thinkphp/Home/Index/index
INFO: [ app_init ] --START--
INFO: Run Behavior\BuildLiteBehavior [ RunTime:0.000009s ]
INFO: [ app_init ] --END-- [ RunTime:0.000201s ]

[ 2018-01-11T18:51:09+08:00 ] ::1 /phpLearning/2018-01-04/thinkphp/Home/Index/index
INFO: [ app_init ] --START--
INFO: Run Behavior\BuildLiteBehavior [ RunTime:0.000007s ]
INFO: [ app_init ] --END-- [ RunTime:0.000184s ]

[ 2018-01-11T18:51:19+08:00 ] ::1 /phpLearning/2018-01-04/thinkphp/Home/Index/index
INFO: [ app_init ] --START--
INFO: Run Behavior\BuildLiteBehavior [ RunTime:0.000010s ]
INFO: [ app_init ] --END-- [ RunTime:0.000197s ]

[ 2018-01-11T18:51:26+08:00 ] ::1 /phpLearning/2018-01-04/thinkphp/Home/Index/index
INFO: [ app_init ] --START--
INFO: Run Behavior\BuildLiteBehavior [ RunTime:0.000009s ]
INFO: [ app_init ] --END-- [ RunTime:0.000194s ]

[ 2018-01-11T18:51:59+08:00 ] ::1 /phpLearning/2018-01-04/thinkphp/Home/Index/index
INFO: [ app_init ] --START--
INFO: Run Behavior\BuildLiteBehavior [ RunTime:0.000017s ]
INFO: [ app_init ] --END-- [ RunTime:0.000380s ]

[ 2018-01-11T18:52:24+08:00 ] ::1 /phpLearning/2018-01-04/thinkphp/Home/Index/index
INFO: [ app_init ] --START--
INFO: Run Behavior\BuildLiteBehavior [ RunTime:0.000014s ]
INFO: [ app_init ] --END-- [ RunTime:0.000265s ]

[ 2018-01-11T18:54:00+08:00 ] ::1 /phpLearning/2018-01-04/thinkphp/Home/Index/index
INFO: [ app_init ] --START--
INFO: Run Behavior\BuildLiteBehavior [ RunTime:0.000018s ]
INFO: [ app_init ] --END-- [ RunTime:0.000586s ]

[ 2018-01-11T18:56:44+08:00 ] ::1 /phpLearning/2018-01-04/thinkphp/Home/Index/index
INFO: [ app_init ] --START--
INFO: Run Behavior\BuildLiteBehavior [ RunTime:0.000010s ]
INFO: [ app_init ] --END-- [ RunTime:0.000227s ]

[ 2018-01-11T18:57:35+08:00 ] ::1 /phpLearning/2018-01-04/thinkphp/Home/Index/index
INFO: [ app_init ] --START--
INFO: Run Behavior\BuildLiteBehavior [ RunTime:0.000009s ]
INFO: [ app_init ] --END-- [ RunTime:0.000196s ]

[ 2018-01-11T18:58:30+08:00 ] ::1 /phpLearning/2018-01-04/thinkphp/Home/Index/index
INFO: [ app_init ] --START--
INFO: Run Behavior\BuildLiteBehavior [ RunTime:0.000018s ]
INFO: [ app_init ] --END-- [ RunTime:0.000213s ]

[ 2018-01-11T18:58:40+08:00 ] ::1 /phpLearning/2018-01-04/thinkphp/Home/Index/index
INFO: [ app_init ] --START--
INFO: Run Behavior\BuildLiteBehavior [ RunTime:0.000009s ]
INFO: [ app_init ] --END-- [ RunTime:0.000197s ]

[ 2018-01-11T18:58:46+08:00 ] ::1 /phpLearning/2018-01-04/thinkphp/Home/Index/index
INFO: [ app_init ] --START--
INFO: Run Behavior\BuildLiteBehavior [ RunTime:0.000008s ]
INFO: [ app_init ] --END-- [ RunTime:0.000190s ]

[ 2018-01-11T18:59:11+08:00 ] ::1 /phpLearning/2018-01-04/thinkphp/Home/Index/index
INFO: [ app_init ] --START--
INFO: Run Behavior\BuildLiteBehavior [ RunTime:0.000012s ]
INFO: [ app_init ] --END-- [ RunTime:0.000295s ]

[ 2018-01-11T18:59:53+08:00 ] ::1 /phpLearning/2018-01-04/thinkphp/Home/Index/index
INFO: [ app_init ] --START--
INFO: Run Behavior\BuildLiteBehavior [ RunTime:0.000010s ]
INFO: [ app_init ] --END-- [ RunTime:0.000205s ]

[ 2018-01-11T19:00:17+08:00 ] ::1 /phpLearning/2018-01-04/thinkphp/Home/Index/index
INFO: [ app_init ] --START--
INFO: Run Behavior\BuildLiteBehavior [ RunTime:0.000011s ]
INFO: [ app_init ] --END-- [ RunTime:0.000303s ]

[ 2018-01-11T19:02:55+08:00 ] ::1 /phpLearning/2018-01-04/thinkphp/Home/Index/index
INFO: [ app_init ] --START--
INFO: Run Behavior\BuildLiteBehavior [ RunTime:0.000016s ]
INFO: [ app_init ] --END-- [ RunTime:0.000312s ]

[ 2018-01-11T19:03:09+08:00 ] ::1 /phpLearning/2018-01-04/thinkphp/Home/Index/index
INFO: [ app_init ] --START--
INFO: Run Behavior\BuildLiteBehavior [ RunTime:0.000009s ]
INFO: [ app_init ] --END-- [ RunTime:0.000195s ]

[ 2018-01-11T19:06:49+08:00 ] ::1 /phpLearning/2018-01-04/thinkphp/Home/Index/index
INFO: [ app_init ] --START--
INFO: Run Behavior\BuildLiteBehavior [ RunTime:0.000014s ]
INFO: [ app_init ] --END-- [ RunTime:0.000316s ]

[ 2018-01-11T19:07:53+08:00 ] ::1 /phpLearning/2018-01-04/thinkphp/Home/Index/index
INFO: [ app_init ] --START--
INFO: Run Behavior\BuildLiteBehavior [ RunTime:0.000009s ]
INFO: [ app_init ] --END-- [ RunTime:0.000199s ]

[ 2018-01-11T19:08:27+08:00 ] ::1 /phpLearning/2018-01-04/thinkphp/Home/Index/index
INFO: [ app_init ] --START--
INFO: Run Behavior\BuildLiteBehavior [ RunTime:0.000008s ]
INFO: [ app_init ] --END-- [ RunTime:0.000197s ]

[ 2018-01-11T19:10:05+08:00 ] ::1 /phpLearning/2018-01-04/thinkphp/Home/Index/index
INFO: [ app_init ] --START--
INFO: Run Behavior\BuildLiteBehavior [ RunTime:0.000017s ]
INFO: [ app_init ] --END-- [ RunTime:0.000375s ]

[ 2018-01-11T19:15:44+08:00 ] ::1 /phpLearning/2018-01-04/thinkphp/Home/Index/index
INFO: [ app_init ] --START--
INFO: Run Behavior\BuildLiteBehavior [ RunTime:0.000008s ]
INFO: [ app_init ] --END-- [ RunTime:0.000194s ]

[ 2018-01-11T19:15:47+08:00 ] ::1 /phpLearning/2018-01-04/thinkphp/Home/Index/index
INFO: [ app_init ] --START--
INFO: Run Behavior\BuildLiteBehavior [ RunTime:0.000008s ]
INFO: [ app_init ] --END-- [ RunTime:0.000190s ]

[ 2018-01-11T19:16:35+08:00 ] ::1 /phpLearning/2018-01-04/thinkphp/Home/Index/index
INFO: [ app_init ] --START--
INFO: Run Behavior\BuildLiteBehavior [ RunTime:0.000009s ]
INFO: [ app_init ] --END-- [ RunTime:0.000191s ]

[ 2018-01-11T19:16:56+08:00 ] ::1 /phpLearning/2018-01-04/thinkphp/Home/Index/index.PHP
INFO: [ app_init ] --START--
INFO: Run Behavior\BuildLiteBehavior [ RunTime:0.000014s ]
INFO: [ app_init ] --END-- [ RunTime:0.000253s ]
ERR: 非法操作:index.PHP

[ 2018-01-11T19:17:03+08:00 ] ::1 /phpLearning/2018-01-04/thinkphp/Home/Index/index.php
INFO: [ app_init ] --START--
INFO: Run Behavior\BuildLiteBehavior [ RunTime:0.000015s ]
INFO: [ app_init ] --END-- [ RunTime:0.000331s ]
ERR: 非法操作:index.php

[ 2018-01-11T19:17:12+08:00 ] ::1 /phpLearning/2018-01-04/thinkphp/Home/Index/index.php
INFO: [ app_init ] --START--
INFO: Run Behavior\BuildLiteBehavior [ RunTime:0.000012s ]
INFO: [ app_init ] --END-- [ RunTime:0.000332s ]

[ 2018-01-11T19:17:20+08:00 ] ::1 /phpLearning/2018-01-04/thinkphp/Home/Index/index
INFO: [ app_init ] --START--
INFO: Run Behavior\BuildLiteBehavior [ RunTime:0.000009s ]
INFO: [ app_init ] --END-- [ RunTime:0.000192s ]

[ 2018-01-11T19:28:13+08:00 ] ::1 /phpLearning/2018-01-04/thinkphp/Home/Index/index
INFO: [ app_init ] --START--
INFO: Run Behavior\BuildLiteBehavior [ RunTime:0.000010s ]
INFO: [ app_init ] --END-- [ RunTime:0.000275s ]

[ 2018-01-11T19:28:17+08:00 ] ::1 /phpLearning/2018-01-04/thinkphp/Home/Index/dsa
INFO: [ app_init ] --START--
INFO: Run Behavior\BuildLiteBehavior [ RunTime:0.000011s ]
INFO: [ app_init ] --END-- [ RunTime:0.000235s ]

[ 2018-01-11T19:28:28+08:00 ] ::1 /phpLearning/2018-01-04/thinkphp/Home/Index/dsa
INFO: [ app_init ] --START--
INFO: Run Behavior\BuildLiteBehavior [ RunTime:0.000016s ]
INFO: [ app_init ] --END-- [ RunTime:0.000265s ]

[ 2018-01-11T19:28:31+08:00 ] ::1 /phpLearning/2018-01-04/thinkphp/Home/Index/index
INFO: [ app_init ] --START--
INFO: Run Behavior\BuildLiteBehavior [ RunTime:0.000010s ]
INFO: [ app_init ] --END-- [ RunTime:0.000224s ]

[ 2018-01-11T19:28:54+08:00 ] ::1 /phpLearning/2018-01-04/thinkphp/Home/Index/index
INFO: [ app_init ] --START--
INFO: Run Behavior\BuildLiteBehavior [ RunTime:0.000007s ]
INFO: [ app_init ] --END-- [ RunTime:0.000186s ]

[ 2018-01-11T19:28:59+08:00 ] ::1 /phpLearning/2018-01-04/thinkphp/Home/Index/ifdasgfdsg
INFO: [ app_init ] --START--
INFO: Run Behavior\BuildLiteBehavior [ RunTime:0.000008s ]
INFO: [ app_init ] --END-- [ RunTime:0.000190s ]

[ 2018-01-11T19:29:24+08:00 ] ::1 /phpLearning/2018-01-04/thinkphp/Home/Index/ifdasgfdsg
INFO: [ app_init ] --START--
INFO: Run Behavior\BuildLiteBehavior [ RunTime:0.000008s ]
INFO: [ app_init ] --END-- [ RunTime:0.000195s ]

[ 2018-01-11T19:29:30+08:00 ] ::1 /phpLearning/2018-01-04/thinkphp/Home/Index/ifdasgfdsg
INFO: [ app_init ] --START--
INFO: Run Behavior\BuildLiteBehavior [ RunTime:0.000007s ]
INFO: [ app_init ] --END-- [ RunTime:0.000189s ]

[ 2018-01-11T19:30:32+08:00 ] ::1 /phpLearning/2018-01-04/thinkphp/Home/Index/ifdasgfdsg
INFO: [ app_init ] --START--
INFO: Run Behavior\BuildLiteBehavior [ RunTime:0.000008s ]
INFO: [ app_init ] --END-- [ RunTime:0.000188s ]
ERR: 模板不存在:./App/Home/View/Index/no.html

[ 2018-01-11T19:31:02+08:00 ] ::1 /phpLearning/2018-01-04/thinkphp/Home/Index/ifdasgfdsg
INFO: [ app_init ] --START--
INFO: Run Behavior\BuildLiteBehavior [ RunTime:0.000009s ]
INFO: [ app_init ] --END-- [ RunTime:0.000196s ]

[ 2018-01-11T19:31:09+08:00 ] ::1 /phpLearning/2018-01-04/thinkphp/Home/Index/ifdasgfdsg
INFO: [ app_init ] --START--
INFO: Run Behavior\BuildLiteBehavior [ RunTime:0.000009s ]
INFO: [ app_init ] --END-- [ RunTime:0.000192s ]

[ 2018-01-11T19:45:40+08:00 ] ::1 /phpLearning/2018-01-04/thinkphp/Home/Index/ifdasgfdsg
INFO: [ app_init ] --START--
INFO: Run Behavior\BuildLiteBehavior [ RunTime:0.000010s ]
INFO: [ app_init ] --END-- [ RunTime:0.000214s ]

[ 2018-01-11T19:59:41+08:00 ] ::1 /phpLearning/2018-01-04/thinkphp/Home/Index/ifdasgfdsg
INFO: [ app_init ] --START--
INFO: Run Behavior\BuildLiteBehavior [ RunTime:0.000008s ]
INFO: [ app_init ] --END-- [ RunTime:0.000193s ]

[ 2018-01-11T19:59:53+08:00 ] ::1 /phpLearning/2018-01-04/thinkphp/Home/User/ifdasgfdsg
INFO: [ app_init ] --START--
INFO: Run Behavior\BuildLiteBehavior [ RunTime:0.000008s ]
INFO: [ app_init ] --END-- [ RunTime:0.000189s ]

[ 2018-01-11T20:00:07+08:00 ] ::1 /phpLearning/2018-01-04/thinkphp/Home/User/ifdasgfdsg
INFO: [ app_init ] --START--
INFO: Run Behavior\BuildLiteBehavior [ RunTime:0.000012s ]
INFO: [ app_init ] --END-- [ RunTime:0.000338s ]

[ 2018-01-11T20:05:19+08:00 ] ::1 /phpLearning/2018-01-04/thinkphp/Home/User/index
INFO: [ app_init ] --START--
INFO: Run Behavior\BuildLiteBehavior [ RunTime:0.000011s ]
INFO: [ app_init ] --END-- [ RunTime:0.000537s ]

[ 2018-01-11T20:05:30+08:00 ] ::1 /phpLearning/2018-01-04/thinkphp/Home/User/indsa
INFO: [ app_init ] --START--
INFO: Run Behavior\BuildLiteBehavior [ RunTime:0.000009s ]
INFO: [ app_init ] --END-- [ RunTime:0.000188s ]

[ 2018-01-11T20:05:38+08:00 ] ::1 /phpLearning/2018-01-04/thinkphp/Home/User/index
INFO: [ app_init ] --START--
INFO: Run Behavior\BuildLiteBehavior [ RunTime:0.000013s ]
INFO: [ app_init ] --END-- [ RunTime:0.000271s ]

[ 2018-01-11T20:06:16+08:00 ] ::1 /phpLearning/2018-01-04/thinkphp/Home/User/index
INFO: [ app_init ] --START--
INFO: Run Behavior\BuildLiteBehavior [ RunTime:0.000010s ]
INFO: [ app_init ] --END-- [ RunTime:0.000227s ]

[ 2018-01-11T20:06:19+08:00 ] ::1 /phpLearning/2018-01-04/thinkphp/Home/User/indexsda
INFO: [ app_init ] --START--
INFO: Run Behavior\BuildLiteBehavior [ RunTime:0.000008s ]
INFO: [ app_init ] --END-- [ RunTime:0.000189s ]
ERR: 模板不存在:./App/Home/View/Public/no.html

[ 2018-01-11T20:07:05+08:00 ] ::1 /phpLearning/2018-01-04/thinkphp/Home/User/indexsda
INFO: [ app_init ] --START--
INFO: Run Behavior\BuildLiteBehavior [ RunTime:0.000009s ]
INFO: [ app_init ] --END-- [ RunTime:0.000203s ]
ERR: 模板不存在:./App/Home/View/User/no.html

[ 2018-01-11T20:07:26+08:00 ] ::1 /phpLearning/2018-01-04/thinkphp/Home/User/indexsda
INFO: [ app_init ] --START--
INFO: Run Behavior\BuildLiteBehavior [ RunTime:0.000008s ]
INFO: [ app_init ] --END-- [ RunTime:0.000194s ]
ERR: 模板不存在:./App/Home/View/Public/no.html

[ 2018-01-11T20:08:08+08:00 ] ::1 /phpLearning/2018-01-04/thinkphp/Home/User/indexsda
INFO: [ app_init ] --START--
INFO: Run Behavior\BuildLiteBehavior [ RunTime:0.000013s ]
INFO: [ app_init ] --END-- [ RunTime:0.000280s ]
ERR: 模板不存在:./App/Home/View/./Public/no.html

[ 2018-01-11T20:08:14+08:00 ] ::1 /phpLearning/2018-01-04/thinkphp/Home/User/indexsda
INFO: [ app_init ] --START--
INFO: Run Behavior\BuildLiteBehavior [ RunTime:0.000010s ]
INFO: [ app_init ] --END-- [ RunTime:0.000227s ]
ERR: 模板不存在:./App/Home/View/Public/no.html

[ 2018-01-11T20:08:36+08:00 ] ::1 /phpLearning/2018-01-04/thinkphp/Home/User/indexsda
INFO: [ app_init ] --START--
INFO: Run Behavior\BuildLiteBehavior [ RunTime:0.000009s ]
INFO: [ app_init ] --END-- [ RunTime:0.000257s ]
ERR: 模板不存在:./App/Home/View/Public/no.html

[ 2018-01-11T20:08:54+08:00 ] ::1 /phpLearning/2018-01-04/thinkphp/Home/User/indexsda
INFO: [ app_init ] --START--
INFO: Run Behavior\BuildLiteBehavior [ RunTime:0.000010s ]
INFO: [ app_init ] --END-- [ RunTime:0.000252s ]
ERR: 模板不存在:./App/Home/View/User/no.html

[ 2018-01-11T20:09:27+08:00 ] ::1 /phpLearning/2018-01-04/thinkphp/Home/User/indexsda
INFO: [ app_init ] --START--
INFO: Run Behavior\BuildLiteBehavior [ RunTime:0.000010s ]
INFO: [ app_init ] --END-- [ RunTime:0.000200s ]
ERR: 模板不存在:./App/Home/View/User/no.html

[ 2018-01-11T20:09:33+08:00 ] ::1 /phpLearning/2018-01-04/thinkphp/Home/User/indexsda
INFO: [ app_init ] --START--
INFO: Run Behavior\BuildLiteBehavior [ RunTime:0.000010s ]
INFO: [ app_init ] --END-- [ RunTime:0.000302s ]
ERR: 模板不存在:./App/Home/View/Public/no.html

[ 2018-01-11T20:10:06+08:00 ] ::1 /phpLearning/2018-01-04/thinkphp/Home/Index/indexsda
INFO: [ app_init ] --START--
INFO: Run Behavior\BuildLiteBehavior [ RunTime:0.000010s ]
INFO: [ app_init ] --END-- [ RunTime:0.000224s ]
ERR: 模板不存在:./App/Home/View/Public/no.html

[ 2018-01-11T20:10:42+08:00 ] ::1 /phpLearning/2018-01-04/thinkphp/Home/Index/indexsda
INFO: [ app_init ] --START--
INFO: Run Behavior\BuildLiteBehavior [ RunTime:0.000012s ]
INFO: [ app_init ] --END-- [ RunTime:0.000250s ]

[ 2018-01-11T20:10:52+08:00 ] ::1 /phpLearning/2018-01-04/thinkphp/Home/User/indexsda
INFO: [ app_init ] --START--
INFO: Run Behavior\BuildLiteBehavior [ RunTime:0.000009s ]
INFO: [ app_init ] --END-- [ RunTime:0.000278s ]

[ 2018-01-11T20:14:20+08:00 ] ::1 /phpLearning/2018-01-04/thinkphp/Home/User/indexsda
INFO: [ app_init ] --START--
INFO: Run Behavior\BuildLiteBehavior [ RunTime:0.000011s ]
INFO: [ app_init ] --END-- [ RunTime:0.000259s ]

[ 2018-01-11T20:14:25+08:00 ] ::1 /phpLearning/2018-01-04/thinkphp/Home/User/index
INFO: [ app_init ] --START--
INFO: Run Behavior\BuildLiteBehavior [ RunTime:0.000008s ]
INFO: [ app_init ] --END-- [ RunTime:0.000186s ]

[ 2018-01-11T20:17:26+08:00 ] ::1 /phpLearning/2018-01-04/thinkphp/Home/User/index
INFO: [ app_init ] --START--
INFO: Run Behavior\BuildLiteBehavior [ RunTime:0.000015s ]
INFO: [ app_init ] --END-- [ RunTime:0.000374s ]

[ 2018-01-11T20:17:39+08:00 ] ::1 /phpLearning/2018-01-04/thinkphp/Home/fdsafds/index
INFO: [ app_init ] --START--
INFO: Run Behavior\BuildLiteBehavior [ RunTime:0.000009s ]
INFO: [ app_init ] --END-- [ RunTime:0.000211s ]

[ 2018-01-11T20:17:47+08:00 ] ::1 /phpLearning/2018-01-04/thinkphp/Home/Index/index
INFO: [ app_init ] --START--
INFO: Run Behavior\BuildLiteBehavior [ RunTime:0.000017s ]
INFO: [ app_init ] --END-- [ RunTime:0.000342s ]

[ 2018-01-11T20:18:18+08:00 ] ::1 /phpLearning/2018-01-04/thinkphp/Home/Index/indbfgd
INFO: [ app_init ] --START--
INFO: Run Behavior\BuildLiteBehavior [ RunTime:0.000010s ]
INFO: [ app_init ] --END-- [ RunTime:0.000218s ]
ERR: 非法操作:indbfgd

[ 2018-01-11T20:19:11+08:00 ] ::1 /phpLearning/2018-01-04/thinkphp/Home/Index/indbfgd
INFO: [ app_init ] --START--
INFO: Run Behavior\BuildLiteBehavior [ RunTime:0.000008s ]
INFO: [ app_init ] --END-- [ RunTime:0.000186s ]

[ 2018-01-11T20:19:51+08:00 ] ::1 /phpLearning/2018-01-04/thinkphp/Home/Index/indbfgd
INFO: [ app_init ] --START--
INFO: Run Behavior\BuildLiteBehavior [ RunTime:0.000014s ]
INFO: [ app_init ] --END-- [ RunTime:0.000287s ]

[ 2018-01-11T20:20:02+08:00 ] ::1 /phpLearning/2018-01-04/thinkphp/Home/dfiauh/index
INFO: [ app_init ] --START--
INFO: Run Behavior\BuildLiteBehavior [ RunTime:0.000009s ]
INFO: [ app_init ] --END-- [ RunTime:0.000206s ]

[ 2018-01-11T20:20:14+08:00 ] ::1 /phpLearning/2018-01-04/thinkphp/Home/Index/indexfdsaf
INFO: [ app_init ] --START--
INFO: Run Behavior\BuildLiteBehavior [ RunTime:0.000012s ]
INFO: [ app_init ] --END-- [ RunTime:0.000297s ]

[ 2018-01-11T20:20:20+08:00 ] ::1 /phpLearning/2018-01-04/thinkphp/Home/Index/index
INFO: [ app_init ] --START--
INFO: Run Behavior\BuildLiteBehavior [ RunTime:0.000009s ]
INFO: [ app_init ] --END-- [ RunTime:0.000203s ]

