[ 2018-01-12T09:40:05+08:00 ] ::1 /phpLearning/2018-01-04/thinkphp/Home/Index/index
INFO: [ app_init ] --START--
INFO: Run Behavior\BuildLiteBehavior [ RunTime:0.000026s ]
INFO: [ app_init ] --END-- [ RunTime:0.000584s ]

[ 2018-01-12T09:40:36+08:00 ] ::1 /phpLearning/2018-01-04/thinkphp/
INFO: [ app_init ] --START--
INFO: Run Behavior\BuildLiteBehavior [ RunTime:0.000014s ]
INFO: [ app_init ] --END-- [ RunTime:0.000266s ]

[ 2018-01-12T09:40:41+08:00 ] ::1 /phpLearning/2018-01-04/thinkphp/
INFO: [ app_init ] --START--
INFO: Run Behavior\BuildLiteBehavior [ RunTime:0.000009s ]
INFO: [ app_init ] --END-- [ RunTime:0.000185s ]

[ 2018-01-12T09:41:10+08:00 ] ::1 /phpLearning/2018-01-04/thinkphp/
INFO: [ app_init ] --START--
INFO: Run Behavior\BuildLiteBehavior [ RunTime:0.000013s ]
INFO: [ app_init ] --END-- [ RunTime:0.000247s ]

[ 2018-01-12T09:41:24+08:00 ] ::1 /phpLearning/2018-01-04/thinkphp/Home/Index/index
INFO: [ app_init ] --START--
INFO: Run Behavior\BuildLiteBehavior [ RunTime:0.000009s ]
INFO: [ app_init ] --END-- [ RunTime:0.000186s ]

[ 2018-01-12T10:14:51+08:00 ] ::1 /phpLearning/2018-01-04/thinkphp/Home/Index/index
INFO: [ app_init ] --START--
INFO: Run Behavior\BuildLiteBehavior [ RunTime:0.000011s ]
INFO: [ app_init ] --END-- [ RunTime:0.000245s ]

[ 2018-01-12T10:21:56+08:00 ] ::1 /phpLearning/2018-01-04/thinkphp/Home/User/loginApi
INFO: [ app_init ] --START--
INFO: Run Behavior\BuildLiteBehavior [ RunTime:0.000018s ]
INFO: [ app_init ] --END-- [ RunTime:0.000304s ]
ERR: 1146:Table 'user.user' doesn't exist
 [ SQL语句 ] : SHOW COLUMNS FROM `user`

[ 2018-01-12T10:22:05+08:00 ] ::1 /phpLearning/2018-01-04/thinkphp/Home/User/loginApi
INFO: [ app_init ] --START--
INFO: Run Behavior\BuildLiteBehavior [ RunTime:0.000014s ]
INFO: [ app_init ] --END-- [ RunTime:0.000258s ]

[ 2018-01-12T10:22:23+08:00 ] ::1 /phpLearning/2018-01-04/thinkphp/Home/User/loginApi
INFO: [ app_init ] --START--
INFO: Run Behavior\BuildLiteBehavior [ RunTime:0.000014s ]
INFO: [ app_init ] --END-- [ RunTime:0.000298s ]

[ 2018-01-12T10:22:35+08:00 ] ::1 /phpLearning/2018-01-04/thinkphp/Home/User/loginApi
INFO: [ app_init ] --START--
INFO: Run Behavior\BuildLiteBehavior [ RunTime:0.000012s ]
INFO: [ app_init ] --END-- [ RunTime:0.000237s ]
ERR: 1146:Table 'user.user' doesn't exist
 [ SQL语句 ] : SHOW COLUMNS FROM `user`

[ 2018-01-12T10:25:19+08:00 ] ::1 /phpLearning/2018-01-04/thinkphp/Home/User/loginApi
INFO: [ app_init ] --START--
INFO: Run Behavior\BuildLiteBehavior [ RunTime:0.000014s ]
INFO: [ app_init ] --END-- [ RunTime:0.000262s ]
ERR: 1146:Table 'user.user' doesn't exist
 [ SQL语句 ] : SHOW COLUMNS FROM `user`

[ 2018-01-12T10:25:41+08:00 ] ::1 /phpLearning/2018-01-04/thinkphp/Home/User/loginApi
INFO: [ app_init ] --START--
INFO: Run Behavior\BuildLiteBehavior [ RunTime:0.000015s ]
INFO: [ app_init ] --END-- [ RunTime:0.000289s ]
ERR: 1146:Table 'user.user' doesn't exist
 [ SQL语句 ] : SHOW COLUMNS FROM `user`

[ 2018-01-12T10:26:18+08:00 ] ::1 /phpLearning/2018-01-04/thinkphp/Home/User/loginApi
INFO: [ app_init ] --START--
INFO: Run Behavior\BuildLiteBehavior [ RunTime:0.000011s ]
INFO: [ app_init ] --END-- [ RunTime:0.000246s ]
ERR: 1146:Table 'user.user' doesn't exist
 [ SQL语句 ] : SHOW COLUMNS FROM `user`

[ 2018-01-12T10:26:39+08:00 ] ::1 /phpLearning/2018-01-04/thinkphp/Home/User/loginApi
INFO: [ app_init ] --START--
INFO: Run Behavior\BuildLiteBehavior [ RunTime:0.000009s ]
INFO: [ app_init ] --END-- [ RunTime:0.000193s ]

[ 2018-01-12T10:26:51+08:00 ] ::1 /phpLearning/2018-01-04/thinkphp/Home/User/loginApi
INFO: [ app_init ] --START--
INFO: Run Behavior\BuildLiteBehavior [ RunTime:0.000013s ]
INFO: [ app_init ] --END-- [ RunTime:0.000327s ]

[ 2018-01-12T10:29:24+08:00 ] ::1 /phpLearning/2018-01-04/thinkphp/Home/User/loginApi
INFO: [ app_init ] --START--
INFO: Run Behavior\BuildLiteBehavior [ RunTime:0.000014s ]
INFO: [ app_init ] --END-- [ RunTime:0.000253s ]
INFO: [ app_begin ] --START--
INFO: Run Behavior\ReadHtmlCacheBehavior [ RunTime:0.000287s ]
INFO: [ app_begin ] --END-- [ RunTime:0.000318s ]
SQL: SHOW COLUMNS FROM `users` [ RunTime:0.0012s ]
SQL: SELECT * FROM `users` WHERE `name` = '小明' AND `pass` = '111' LIMIT 1   [ RunTime:0.0002s ]

[ 2018-01-12T10:34:33+08:00 ] ::1 /phpLearning/2018-01-04/thinkphp/Home/User/loginApi
INFO: [ app_init ] --START--
INFO: Run Behavior\BuildLiteBehavior [ RunTime:0.000010s ]
INFO: [ app_init ] --END-- [ RunTime:0.000215s ]
INFO: [ app_begin ] --START--
INFO: Run Behavior\ReadHtmlCacheBehavior [ RunTime:0.000274s ]
INFO: [ app_begin ] --END-- [ RunTime:0.000300s ]
SQL: SHOW COLUMNS FROM `users` [ RunTime:0.0023s ]
SQL: SELECT * FROM `users` WHERE `name` = '小明' AND `pass` = '111' LIMIT 1   [ RunTime:0.0002s ]

